[2024-05-17 10:47:56] [ INFO ] [OdontologoServiceTest:28] Haciendo test de odontologos en memoria
[2024-05-17 10:47:56] [ ERROR] [OdontologoDaoH2:39] Error al registrar el odontólogo: Tabla "ODONTOLOGOS" no encontrada
Table "ODONTOLOGOS" not found; SQL statement:
INSERT INTO ODONTOLOGOS (ID, NOMBRE, APELLIDO, NUMEROMATRICULA) VALUES (?, ?, ?) [42102-200]
[2024-05-17 10:47:56] [ INFO ] [OdontologoServiceTest:41] Haciendo test de odontologos en H2
[2024-05-17 10:47:56] [ ERROR] [OdontologoDaoH2:39] Error al registrar el odontólogo: Tabla "ODONTOLOGOS" no encontrada
Table "ODONTOLOGOS" not found; SQL statement:
INSERT INTO ODONTOLOGOS (ID, NOMBRE, APELLIDO, NUMEROMATRICULA) VALUES (?, ?, ?) [42102-200]
[2024-05-17 10:55:27] [ INFO ] [OdontologoServiceTest:28] Haciendo test de odontologos en memoria
[2024-05-17 10:55:28] [ ERROR] [OdontologoDaoH2:39] Error al registrar el odontólogo: Tabla "ODONTOLOGOS" no encontrada
Table "ODONTOLOGOS" not found; SQL statement:
INSERT INTO ODONTOLOGOS (ID, NOMBRE, APELLIDO, NUMEROMATRICULA) VALUES (?, ?, ?) [42102-200]
[2024-05-17 10:55:28] [ INFO ] [OdontologoServiceTest:41] Haciendo test de odontologos en H2
[2024-05-17 10:55:28] [ ERROR] [OdontologoDaoH2:39] Error al registrar el odontólogo: Tabla "ODONTOLOGOS" no encontrada
Table "ODONTOLOGOS" not found; SQL statement:
INSERT INTO ODONTOLOGOS (ID, NOMBRE, APELLIDO, NUMEROMATRICULA) VALUES (?, ?, ?) [42102-200]
[2024-05-17 10:56:19] [ INFO ] [OdontologoServiceTest:28] Haciendo test de odontologos en memoria
[2024-05-17 10:56:20] [ ERROR] [OdontologoDaoH2:39] Error al registrar el odontólogo: Tabla "ODONTOLOGOS" no encontrada
Table "ODONTOLOGOS" not found; SQL statement:
INSERT INTO ODONTOLOGOS (ID, NOMBRE, APELLIDO, NUMEROMATRICULA) VALUES (?, ?, ?) [42102-200]
[2024-05-17 10:56:20] [ INFO ] [OdontologoServiceTest:41] Haciendo test de odontologos en H2
[2024-05-17 10:56:20] [ ERROR] [OdontologoDaoH2:39] Error al registrar el odontólogo: Tabla "ODONTOLOGOS" no encontrada
Table "ODONTOLOGOS" not found; SQL statement:
INSERT INTO ODONTOLOGOS (ID, NOMBRE, APELLIDO, NUMEROMATRICULA) VALUES (?, ?, ?) [42102-200]
[2024-05-17 10:57:56] [ INFO ] [OdontologoServiceTest:28] Haciendo test de odontologos en memoria
[2024-05-17 10:57:56] [ ERROR] [OdontologoDaoH2:39] Error al registrar el odontólogo: Tabla "ODONTOLOGOS" no encontrada
Table "ODONTOLOGOS" not found; SQL statement:
INSERT INTO ODONTOLOGOS (ID, NOMBRE, APELLIDO, NUMEROMATRICULA) VALUES (?, ?, ?) [42102-200]
[2024-05-17 10:57:56] [ INFO ] [OdontologoServiceTest:41] Haciendo test de odontologos en H2
[2024-05-17 10:57:56] [ ERROR] [OdontologoDaoH2:39] Error al registrar el odontólogo: Tabla "ODONTOLOGOS" no encontrada
Table "ODONTOLOGOS" not found; SQL statement:
INSERT INTO ODONTOLOGOS (ID, NOMBRE, APELLIDO, NUMEROMATRICULA) VALUES (?, ?, ?) [42102-200]
[2024-05-17 10:59:58] [ INFO ] [OdontologoServiceTest:28] Haciendo test de odontologos en memoria
[2024-05-17 10:59:58] [ ERROR] [OdontologoDaoH2:39] Error al registrar el odontólogo: Tabla "ODONTOLOGOS" no encontrada
Table "ODONTOLOGOS" not found; SQL statement:
INSERT INTO ODONTOLOGOS (ID, NOMBRE, APELLIDO, NUMEROMATRICULA) VALUES (?, ?, ?) [42102-200]
[2024-05-17 10:59:58] [ INFO ] [OdontologoServiceTest:41] Haciendo test de odontologos en H2
[2024-05-17 10:59:58] [ ERROR] [OdontologoDaoH2:39] Error al registrar el odontólogo: Tabla "ODONTOLOGOS" no encontrada
Table "ODONTOLOGOS" not found; SQL statement:
INSERT INTO ODONTOLOGOS (ID, NOMBRE, APELLIDO, NUMEROMATRICULA) VALUES (?, ?, ?) [42102-200]
[2024-05-17 11:04:33] [ INFO ] [OdontologoServiceTest:28] Haciendo test de odontologos en memoria
[2024-05-17 11:04:33] [ ERROR] [OdontologoDaoH2:39] Error al registrar el odontólogo: Tabla "ODONTOLOGOS" no encontrada
Table "ODONTOLOGOS" not found; SQL statement:
INSERT INTO ODONTOLOGOS (ID, NOMBRE, APELLIDO) VALUES (?, ?, ?) [42102-200]
[2024-05-17 11:04:33] [ INFO ] [OdontologoServiceTest:41] Haciendo test de odontologos en H2
[2024-05-17 11:04:33] [ ERROR] [OdontologoDaoH2:39] Error al registrar el odontólogo: Tabla "ODONTOLOGOS" no encontrada
Table "ODONTOLOGOS" not found; SQL statement:
INSERT INTO ODONTOLOGOS (ID, NOMBRE, APELLIDO) VALUES (?, ?, ?) [42102-200]
[2024-05-17 11:10:33] [ INFO ] [OdontologoServiceTest:28] Haciendo test de odontologos en memoria
[2024-05-17 11:10:33] [ ERROR] [OdontologoDaoH2:39] Error al registrar el odontólogo: Tabla "ODONTOLOGOS" no encontrada
Table "ODONTOLOGOS" not found; SQL statement:
INSERT INTO ODONTOLOGOS (ID, NOMBRE, APELLIDO) VALUES (?, ?, ?) [42102-200]
[2024-05-17 11:10:33] [ INFO ] [OdontologoServiceTest:41] Haciendo test de odontologos en H2
[2024-05-17 11:10:33] [ ERROR] [OdontologoDaoH2:39] Error al registrar el odontólogo: Tabla "ODONTOLOGOS" no encontrada
Table "ODONTOLOGOS" not found; SQL statement:
INSERT INTO ODONTOLOGOS (ID, NOMBRE, APELLIDO) VALUES (?, ?, ?) [42102-200]
[2024-05-17 11:20:11] [ INFO ] [OdontologoServiceTest:28] Haciendo test de odontologos en memoria
[2024-05-17 11:20:11] [ ERROR] [OdontologoDaoH2:39] Error al registrar el odontólogo: Tabla "ODONTOLOGOS" no encontrada
Table "ODONTOLOGOS" not found; SQL statement:
INSERT INTO ODONTOLOGOS (ID, NOMBRE, APELLIDO) VALUES (?, ?, ?) [42102-200]
[2024-05-17 11:20:11] [ INFO ] [OdontologoServiceTest:41] Haciendo test de odontologos en H2
[2024-05-17 11:20:11] [ ERROR] [OdontologoDaoH2:39] Error al registrar el odontólogo: Tabla "ODONTOLOGOS" no encontrada
Table "ODONTOLOGOS" not found; SQL statement:
INSERT INTO ODONTOLOGOS (ID, NOMBRE, APELLIDO) VALUES (?, ?, ?) [42102-200]
[2024-05-17 11:21:57] [ INFO ] [OdontologoServiceTest:41] Haciendo test de odontologos en H2
[2024-05-17 11:21:58] [ ERROR] [OdontologoDaoH2:39] Error al registrar el odontólogo: Tabla "ODONTOLOGOS" no encontrada
Table "ODONTOLOGOS" not found; SQL statement:
INSERT INTO ODONTOLOGOS (ID, NOMBRE, APELLIDO) VALUES (?, ?, ?) [42102-200]
[2024-05-17 11:26:43] [ INFO ] [OdontologoServiceTest:28] Haciendo test de odontologos en memoria
[2024-05-17 11:26:43] [ INFO ] [OdontologoServiceTest:41] Haciendo test de odontologos en H2
[2024-05-17 11:30:31] [ INFO ] [OdontologoServiceTest:28] Haciendo test de odontologos en memoria
[2024-05-17 11:30:31] [ INFO ] [OdontologoServiceTest:41] Haciendo test de odontologos en H2
[2024-05-17 11:34:25] [ INFO ] [OdontologoServiceTest:28] Haciendo test de odontologos en memoria
[2024-05-17 11:34:25] [ INFO ] [OdontologoServiceTest:41] Haciendo test de odontologos en H2
[2024-05-17 11:36:16] [ INFO ] [OdontologoServiceTest:28] Haciendo test de odontologos en memoria
[2024-05-17 11:36:16] [ INFO ] [OdontologoServiceTest:41] Haciendo test de odontologos en H2
[2024-05-17 11:41:09] [ INFO ] [OdontologoServiceTest:28] Haciendo test de odontologos en memoria
[2024-05-17 11:41:09] [ INFO ] [OdontologoDaoH2:35] Odontologo guardado con exito en la lista
[2024-05-17 11:41:09] [ INFO ] [OdontologoServiceTest:41] Haciendo test de odontologos en H2
[2024-05-17 11:41:09] [ INFO ] [OdontologoDaoH2:35] Odontologo guardado con exito en la lista
[2024-05-17 11:42:34] [ INFO ] [OdontologoServiceTest:41] Haciendo test de odontologos en H2
[2024-05-17 11:42:34] [ INFO ] [OdontologoDaoH2:35] Odontologo guardado con exito en la lista
